<?xml version="1.0" encoding="UTF-8"?>
<testsuite xmlns:xsi="http://www.w3.org/2001/XMLSchema-instance" xsi:noNamespaceSchemaLocation="https://maven.apache.org/surefire/maven-surefire-plugin/xsd/surefire-test-report-3.0.xsd" version="3.0" name="com.cibertec.DawiiSesion01Prueba1ApplicationTests" time="6.054" tests="1" errors="0" skipped="0" failures="0">
  <properties>
[...]
</properties>
  <testcase name="contextLoads" classname="com.cibertec.DawiiSesion01Prueba1ApplicationTests" time="0.688">
    <system-out><![CDATA[07:31:27.468 [main] INFO org.springframework.test.context.support.AnnotationConfigContextLoaderUtils -- Could not detect default configuration classes for test class [com.cibertec.DawiiSesion01Prueba1ApplicationTests]: DawiiSesion01Prueba1ApplicationTests does not declare any static, non-private, non-final, nested classes annotated with @Configuration.
07:31:27.567 [main] INFO org.springframework.boot.test.context.SpringBootTestContextBootstrapper -- Found @SpringBootConfiguration com.cibertec.DawiiSesion01Prueba1Application for test class com.cibertec.DawiiSesion01Prueba1ApplicationTests
07:31:27.770 [main] INFO org.springframework.boot.devtools.restart.RestartApplicationListener -- Restart disabled due to context in which it is running

  .   ____          _            __ _ _
 /\\ / ___'_ __ _ _(_)_ __  __ _ \ \ \ \
( ( )\___ | '_ | '_| | '_ \/ _` | \ \ \ \
 \\/  ___)| |_)| | | | | || (_| |  ) ) ) )
  '  |____| .__|_| |_|_| |_\__, | / / / /
 =========|_|==============|___/=/_/_/_/
 :: Spring Boot ::                (v3.1.5)

2023-11-08T07:31:28.069-05:00  INFO 16944 --- [           main] c.c.DawiiSesion01Prueba1ApplicationTests : Starting DawiiSesion01Prueba1ApplicationTests using Java 17.0.8 with PID 16944 (started by Ariel in D:\DAWII - 2023\DAWII-Sesion01-Prueba-1)
2023-11-08T07:31:28.070-05:00  INFO 16944 --- [           main] c.c.DawiiSesion01Prueba1ApplicationTests : No active profile set, falling back to 1 default profile: "default"
2023-11-08T07:31:28.687-05:00  INFO 16944 --- [           main] .s.d.r.c.RepositoryConfigurationDelegate : Bootstrapping Spring Data JPA repositories in DEFAULT mode.
2023-11-08T07:31:28.765-05:00  INFO 16944 --- [           main] .s.d.r.c.RepositoryConfigurationDelegate : Finished Spring Data repository scanning in 62 ms. Found 1 JPA repository interfaces.
2023-11-08T07:31:29.311-05:00  INFO 16944 --- [           main] o.hibernate.jpa.internal.util.LogHelper  : HHH000204: Processing PersistenceUnitInfo [name: default]
2023-11-08T07:31:29.379-05:00  INFO 16944 --- [           main] org.hibernate.Version                    : HHH000412: Hibernate ORM core version 6.2.13.Final
2023-11-08T07:31:29.382-05:00  INFO 16944 --- [           main] org.hibernate.cfg.Environment            : HHH000406: Using bytecode reflection optimizer
2023-11-08T07:31:29.643-05:00 DEBUG 16944 --- [           main] org.hibernate.type.BasicTypeRegistry     : Adding type registration boolean -> org.hibernate.type.BasicTypeReference@19dda71
2023-11-08T07:31:29.643-05:00 DEBUG 16944 --- [           main] org.hibernate.type.BasicTypeRegistry     : Adding type registration boolean -> org.hibernate.type.BasicTypeReference@19dda71
2023-11-08T07:31:29.643-05:00 DEBUG 16944 --- [           main] org.hibernate.type.BasicTypeRegistry     : Adding type registration java.lang.Boolean -> org.hibernate.type.BasicTypeReference@19dda71
2023-11-08T07:31:29.643-05:00 DEBUG 16944 --- [           main] org.hibernate.type.BasicTypeRegistry     : Adding type registration numeric_boolean -> org.hibernate.type.BasicTypeReference@278366
2023-11-08T07:31:29.644-05:00 DEBUG 16944 --- [           main] org.hibernate.type.BasicTypeRegistry     : Adding type registration org.hibernate.type.NumericBooleanConverter -> org.hibernate.type.BasicTypeReference@278366
2023-11-08T07:31:29.644-05:00 DEBUG 16944 --- [           main] org.hibernate.type.BasicTypeRegistry     : Adding type registration true_false -> org.hibernate.type.BasicTypeReference@15fcfe9
2023-11-08T07:31:29.644-05:00 DEBUG 16944 --- [           main] org.hibernate.type.BasicTypeRegistry     : Adding type registration org.hibernate.type.TrueFalseConverter -> org.hibernate.type.BasicTypeReference@15fcfe9
2023-11-08T07:31:29.644-05:00 DEBUG 16944 --- [           main] org.hibernate.type.BasicTypeRegistry     : Adding type registration yes_no -> org.hibernate.type.BasicTypeReference@7865bd
2023-11-08T07:31:29.644-05:00 DEBUG 16944 --- [           main] org.hibernate.type.BasicTypeRegistry     : Adding type registration org.hibernate.type.YesNoConverter -> org.hibernate.type.BasicTypeReference@7865bd
2023-11-08T07:31:29.644-05:00 DEBUG 16944 --- [           main] org.hibernate.type.BasicTypeRegistry     : Adding type registration byte -> org.hibernate.type.BasicTypeReference@1f77791
2023-11-08T07:31:29.644-05:00 DEBUG 16944 --- [           main] org.hibernate.type.BasicTypeRegistry     : Adding type registration byte -> org.hibernate.type.BasicTypeReference@1f77791
2023-11-08T07:31:29.644-05:00 DEBUG 16944 --- [           main] org.hibernate.type.BasicTypeRegistry     : Adding type registration java.lang.Byte -> org.hibernate.type.BasicTypeReference@1f77791
2023-11-08T07:31:29.645-05:00 DEBUG 16944 --- [           main] org.hibernate.type.BasicTypeRegistry     : Adding type registration binary -> org.hibernate.type.BasicTypeReference@12fee7a
2023-11-08T07:31:29.645-05:00 DEBUG 16944 --- [           main] org.hibernate.type.BasicTypeRegistry     : Adding type registration byte[] -> org.hibernate.type.BasicTypeReference@12fee7a
2023-11-08T07:31:29.645-05:00 DEBUG 16944 --- [           main] org.hibernate.type.BasicTypeRegistry     : Adding type registration [B -> org.hibernate.type.BasicTypeReference@12fee7a
2023-11-08T07:31:29.646-05:00 DEBUG 16944 --- [           main] org.hibernate.type.BasicTypeRegistry     : Adding type registration binary_wrapper -> org.hibernate.type.BasicTypeReference@1293993
2023-11-08T07:31:29.646-05:00 DEBUG 16944 --- [           main] org.hibernate.type.BasicTypeRegistry     : Adding type registration wrapper-binary -> org.hibernate.type.BasicTypeReference@1293993
2023-11-08T07:31:29.646-05:00 DEBUG 16944 --- [           main] org.hibernate.type.BasicTypeRegistry     : Adding type registration image -> org.hibernate.type.BasicTypeReference@15f5672
2023-11-08T07:31:29.646-05:00 DEBUG 16944 --- [           main] org.hibernate.type.BasicTypeRegistry     : Adding type registration blob -> org.hibernate.type.BasicTypeReference@16a06e3
2023-11-08T07:31:29.646-05:00 DEBUG 16944 --- [           main] org.hibernate.type.BasicTypeRegistry     : Adding type registration java.sql.Blob -> org.hibernate.type.BasicTypeReference@16a06e3
2023-11-08T07:31:29.646-05:00 DEBUG 16944 --- [           main] org.hibernate.type.BasicTypeRegistry     : Adding type registration materialized_blob -> org.hibernate.type.BasicTypeReference@297bdf
2023-11-08T07:31:29.646-05:00 DEBUG 16944 --- [           main] org.hibernate.type.BasicTypeRegistry     : Adding type registration materialized_blob_wrapper -> org.hibernate.type.BasicTypeReference@e827a8
2023-11-08T07:31:29.646-05:00 DEBUG 16944 --- [           main] org.hibernate.type.BasicTypeRegistry     : Adding type registration short -> org.hibernate.type.BasicTypeReference@1b911c1
2023-11-08T07:31:29.646-05:00 DEBUG 16944 --- [           main] org.hibernate.type.BasicTypeRegistry     : Adding type registration short -> org.hibernate.type.BasicTypeReference@1b911c1
2023-11-08T07:31:29.647-05:00 DEBUG 16944 --- [           main] org.hibernate.type.BasicTypeRegistry     : Adding type registration java.lang.Short -> org.hibernate.type.BasicTypeReference@1b911c1
2023-11-08T07:31:29.647-05:00 DEBUG 16944 --- [           main] org.hibernate.type.BasicTypeRegistry     : Adding type registration integer -> org.hibernate.type.BasicTypeReference@55594b
2023-11-08T07:31:29.647-05:00 DEBUG 16944 --- [           main] org.hibernate.type.BasicTypeRegistry     : Adding type registration int -> org.hibernate.type.BasicTypeReference@55594b
2023-11-08T07:31:29.647-05:00 DEBUG 16944 --- [           main] org.hibernate.type.BasicTypeRegistry     : Adding type registration java.lang.Integer -> org.hibernate.type.BasicTypeReference@55594b
2023-11-08T07:31:29.647-05:00 DEBUG 16944 --- [           main] org.hibernate.type.BasicTypeRegistry     : Adding type registration long -> org.hibernate.type.BasicTypeReference@12b305d
2023-11-08T07:31:29.647-05:00 DEBUG 16944 --- [           main] org.hibernate.type.BasicTypeRegistry     : Adding type registration long -> org.hibernate.type.BasicTypeReference@12b305d
2023-11-08T07:31:29.648-05:00 DEBUG 16944 --- [           main] org.hibernate.type.BasicTypeRegistry     : Adding type registration java.lang.Long -> org.hibernate.type.BasicTypeReference@12b305d
2023-11-08T07:31:29.648-05:00 DEBUG 16944 --- [           main] org.hibernate.type.BasicTypeRegistry     : Adding type registration float -> org.hibernate.type.BasicTypeReference@598ef7
2023-11-08T07:31:29.648-05:00 DEBUG 16944 --- [           main] org.hibernate.type.BasicTypeRegistry     : Adding type registration float -> org.hibernate.type.BasicTypeReference@598ef7
2023-11-08T07:31:29.648-05:00 DEBUG 16944 --- [           main] org.hibernate.type.BasicTypeRegistry     : Adding type registration java.lang.Float -> org.hibernate.type.BasicTypeReference@598ef7
2023-11-08T07:31:29.648-05:00 DEBUG 16944 --- [           main] org.hibernate.type.BasicTypeRegistry     : Adding type registration double -> org.hibernate.type.BasicTypeReference@1fdb8a4
2023-11-08T07:31:29.648-05:00 DEBUG 16944 --- [           main] org.hibernate.type.BasicTypeRegistry     : Adding type registration double -> org.hibernate.type.BasicTypeReference@1fdb8a4
2023-11-08T07:31:29.648-05:00 DEBUG 16944 --- [           main] org.hibernate.type.BasicTypeRegistry     : Adding type registration java.lang.Double -> org.hibernate.type.BasicTypeReference@1fdb8a4
2023-11-08T07:31:29.648-05:00 DEBUG 16944 --- [           main] org.hibernate.type.BasicTypeRegistry     : Adding type registration big_integer -> org.hibernate.type.BasicTypeReference@1222c11
2023-11-08T07:31:29.648-05:00 DEBUG 16944 --- [           main] org.hibernate.type.BasicTypeRegistry     : Adding type registration java.math.BigInteger -> org.hibernate.type.BasicTypeReference@1222c11
2023-11-08T07:31:29.648-05:00 DEBUG 16944 --- [           main] org.hibernate.type.BasicTypeRegistry     : Adding type registration big_decimal -> org.hibernate.type.BasicTypeReference@1b15f70
2023-11-08T07:31:29.649-05:00 DEBUG 16944 --- [           main] org.hibernate.type.BasicTypeRegistry     : Adding type registration java.math.BigDecimal -> org.hibernate.type.BasicTypeReference@1b15f70
2023-11-08T07:31:29.649-05:00 DEBUG 16944 --- [           main] org.hibernate.type.BasicTypeRegistry     : Adding type registration character -> org.hibernate.type.BasicTypeReference@1974207
2023-11-08T07:31:29.649-05:00 DEBUG 16944 --- [           main] org.hibernate.type.BasicTypeRegistry     : Adding type registration char -> org.hibernate.type.BasicTypeReference@1974207
2023-11-08T07:31:29.649-05:00 DEBUG 16944 --- [           main] org.hibernate.type.BasicTypeRegistry     : Adding type registration java.lang.Character -> org.hibernate.type.BasicTypeReference@1974207
2023-11-08T07:31:29.649-05:00 DEBUG 16944 --- [           main] org.hibernate.type.BasicTypeRegistry     : Adding type registration character_nchar -> org.hibernate.type.BasicTypeReference@115e689
2023-11-08T07:31:29.649-05:00 DEBUG 16944 --- [           main] org.hibernate.type.BasicTypeRegistry     : Adding type registration string -> org.hibernate.type.BasicTypeReference@15113de
2023-11-08T07:31:29.649-05:00 DEBUG 16944 --- [           main] org.hibernate.type.BasicTypeRegistry     : Adding type registration java.lang.String -> org.hibernate.type.BasicTypeReference@15113de
2023-11-08T07:31:29.649-05:00 DEBUG 16944 --- [           main] org.hibernate.type.BasicTypeRegistry     : Adding type registration nstring -> org.hibernate.type.BasicTypeReference@bc955b
2023-11-08T07:31:29.649-05:00 DEBUG 16944 --- [           main] org.hibernate.type.BasicTypeRegistry     : Adding type registration characters -> org.hibernate.type.BasicTypeReference@1a46ff1
2023-11-08T07:31:29.649-05:00 DEBUG 16944 --- [           main] org.hibernate.type.BasicTypeRegistry     : Adding type registration char[] -> org.hibernate.type.BasicTypeReference@1a46ff1
2023-11-08T07:31:29.649-05:00 DEBUG 16944 --- [           main] org.hibernate.type.BasicTypeRegistry     : Adding type registration [C -> org.hibernate.type.BasicTypeReference@1a46ff1
2023-11-08T07:31:29.649-05:00 DEBUG 16944 --- [           main] org.hibernate.type.BasicTypeRegistry     : Adding type registration wrapper-characters -> org.hibernate.type.BasicTypeReference@1b5f4e2
2023-11-08T07:31:29.650-05:00 DEBUG 16944 --- [           main] org.hibernate.type.BasicTypeRegistry     : Adding type registration text -> org.hibernate.type.BasicTypeReference@6bcae9
2023-11-08T07:31:29.650-05:00 DEBUG 16944 --- [           main] org.hibernate.type.BasicTypeRegistry     : Adding type registration ntext -> org.hibernate.type.BasicTypeReference@a781f2
2023-11-08T07:31:29.650-05:00 DEBUG 16944 --- [           main] org.hibernate.type.BasicTypeRegistry     : Adding type registration clob -> org.hibernate.type.BasicTypeReference@feb6b0
2023-11-08T07:31:29.650-05:00 DEBUG 16944 --- [           main] org.hibernate.type.BasicTypeRegistry     : Adding type registration java.sql.Clob -> org.hibernate.type.BasicTypeReference@feb6b0
2023-11-08T07:31:29.650-05:00 DEBUG 16944 --- [           main] org.hibernate.type.BasicTypeRegistry     : Adding type registration nclob -> org.hibernate.type.BasicTypeReference@d25ba9
2023-11-08T07:31:29.650-05:00 DEBUG 16944 --- [           main] org.hibernate.type.BasicTypeRegistry     : Adding type registration java.sql.NClob -> org.hibernate.type.BasicTypeReference@d25ba9
2023-11-08T07:31:29.650-05:00 DEBUG 16944 --- [           main] org.hibernate.type.BasicTypeRegistry     : Adding type registration materialized_clob -> org.hibernate.type.BasicTypeReference@30f918
2023-11-08T07:31:29.650-05:00 DEBUG 16944 --- [           main] org.hibernate.type.BasicTypeRegistry     : Adding type registration materialized_clob_char_array -> org.hibernate.type.BasicTypeReference@fe47fd
2023-11-08T07:31:29.650-05:00 DEBUG 16944 --- [           main] org.hibernate.type.BasicTypeRegistry     : Adding type registration materialized_clob_character_array -> org.hibernate.type.BasicTypeReference@19831a4
2023-11-08T07:31:29.650-05:00 DEBUG 16944 --- [           main] org.hibernate.type.BasicTypeRegistry     : Adding type registration materialized_nclob -> org.hibernate.type.BasicTypeReference@1e3236d
2023-11-08T07:31:29.650-05:00 DEBUG 16944 --- [           main] org.hibernate.type.BasicTypeRegistry     : Adding type registration materialized_nclob_character_array -> org.hibernate.type.BasicTypeReference@a4e2b0
2023-11-08T07:31:29.650-05:00 DEBUG 16944 --- [           main] org.hibernate.type.BasicTypeRegistry     : Adding type registration materialized_nclob_char_array -> org.hibernate.type.BasicTypeReference@c99bf6
2023-11-08T07:31:29.651-05:00 DEBUG 16944 --- [           main] org.hibernate.type.BasicTypeRegistry     : Adding type registration Duration -> org.hibernate.type.BasicTypeReference@6e9dda
2023-11-08T07:31:29.651-05:00 DEBUG 16944 --- [           main] org.hibernate.type.BasicTypeRegistry     : Adding type registration java.time.Duration -> org.hibernate.type.BasicTypeReference@6e9dda
2023-11-08T07:31:29.651-05:00 DEBUG 16944 --- [           main] org.hibernate.type.BasicTypeRegistry     : Adding type registration LocalDateTime -> org.hibernate.type.BasicTypeReference@883a31
2023-11-08T07:31:29.651-05:00 DEBUG 16944 --- [           main] org.hibernate.type.BasicTypeRegistry     : Adding type registration java.time.LocalDateTime -> org.hibernate.type.BasicTypeReference@883a31
2023-11-08T07:31:29.651-05:00 DEBUG 16944 --- [           main] org.hibernate.type.BasicTypeRegistry     : Adding type registration LocalDate -> org.hibernate.type.BasicTypeReference@1a6fef2
2023-11-08T07:31:29.651-05:00 DEBUG 16944 --- [           main] org.hibernate.type.BasicTypeRegistry     : Adding type registration java.time.LocalDate -> org.hibernate.type.BasicTypeReference@1a6fef2
2023-11-08T07:31:29.651-05:00 DEBUG 16944 --- [           main] org.hibernate.type.BasicTypeRegistry     : Adding type registration LocalTime -> org.hibernate.type.BasicTypeReference@1e8c7db
2023-11-08T07:31:29.651-05:00 DEBUG 16944 --- [           main] org.hibernate.type.BasicTypeRegistry     : Adding type registration java.time.LocalTime -> org.hibernate.type.BasicTypeReference@1e8c7db
2023-11-08T07:31:29.651-05:00 DEBUG 16944 --- [           main] org.hibernate.type.BasicTypeRegistry     : Adding type registration OffsetDateTime -> org.hibernate.type.BasicTypeReference@1ba05b1
2023-11-08T07:31:29.652-05:00 DEBUG 16944 --- [           main] org.hibernate.type.BasicTypeRegistry     : Adding type registration java.time.OffsetDateTime -> org.hibernate.type.BasicTypeReference@1ba05b1
2023-11-08T07:31:29.652-05:00 DEBUG 16944 --- [           main] org.hibernate.type.BasicTypeRegistry     : Adding type registration OffsetDateTimeWithTimezone -> org.hibernate.type.BasicTypeReference@1afb85
2023-11-08T07:31:29.652-05:00 DEBUG 16944 --- [           main] org.hibernate.type.BasicTypeRegistry     : Adding type registration OffsetDateTimeWithoutTimezone -> org.hibernate.type.BasicTypeReference@5bce9a
2023-11-08T07:31:29.652-05:00 DEBUG 16944 --- [           main] org.hibernate.type.BasicTypeRegistry     : Adding type registration OffsetTime -> org.hibernate.type.BasicTypeReference@1b40fd5
2023-11-08T07:31:29.652-05:00 DEBUG 16944 --- [           main] org.hibernate.type.BasicTypeRegistry     : Adding type registration java.time.OffsetTime -> org.hibernate.type.BasicTypeReference@1b40fd5
2023-11-08T07:31:29.652-05:00 DEBUG 16944 --- [           main] org.hibernate.type.BasicTypeRegistry     : Adding type registration OffsetTimeUtc -> org.hibernate.type.BasicTypeReference@5e1a5f
2023-11-08T07:31:29.652-05:00 DEBUG 16944 --- [           main] org.hibernate.type.BasicTypeRegistry     : Adding type registration OffsetTimeWithTimezone -> org.hibernate.type.BasicTypeReference@11b0f02
2023-11-08T07:31:29.652-05:00 DEBUG 16944 --- [           main] org.hibernate.type.BasicTypeRegistry     : Adding type registration OffsetTimeWithoutTimezone -> org.hibernate.type.BasicTypeReference@1ae2ee5
2023-11-08T07:31:29.652-05:00 DEBUG 16944 --- [           main] org.hibernate.type.BasicTypeRegistry     : Adding type registration ZonedDateTime -> org.hibernate.type.BasicTypeReference@b940a2
2023-11-08T07:31:29.652-05:00 DEBUG 16944 --- [           main] org.hibernate.type.BasicTypeRegistry     : Adding type registration java.time.ZonedDateTime -> org.hibernate.type.BasicTypeReference@b940a2
2023-11-08T07:31:29.652-05:00 DEBUG 16944 --- [           main] org.hibernate.type.BasicTypeRegistry     : Adding type registration ZonedDateTimeWithTimezone -> org.hibernate.type.BasicTypeReference@c53688
2023-11-08T07:31:29.652-05:00 DEBUG 16944 --- [           main] org.hibernate.type.BasicTypeRegistry     : Adding type registration ZonedDateTimeWithoutTimezone -> org.hibernate.type.BasicTypeReference@1fd4c0d
2023-11-08T07:31:29.653-05:00 DEBUG 16944 --- [           main] org.hibernate.type.BasicTypeRegistry     : Adding type registration date -> org.hibernate.type.BasicTypeReference@14c9e11
2023-11-08T07:31:29.653-05:00 DEBUG 16944 --- [           main] org.hibernate.type.BasicTypeRegistry     : Adding type registration java.sql.Date -> org.hibernate.type.BasicTypeReference@14c9e11
2023-11-08T07:31:29.653-05:00 DEBUG 16944 --- [           main] org.hibernate.type.BasicTypeRegistry     : Adding type registration time -> org.hibernate.type.BasicTypeReference@1fe720a
2023-11-08T07:31:29.653-05:00 DEBUG 16944 --- [           main] org.hibernate.type.BasicTypeRegistry     : Adding type registration java.sql.Time -> org.hibernate.type.BasicTypeReference@1fe720a
2023-11-08T07:31:29.653-05:00 DEBUG 16944 --- [           main] org.hibernate.type.BasicTypeRegistry     : Adding type registration timestamp -> org.hibernate.type.BasicTypeReference@9274cb
2023-11-08T07:31:29.653-05:00 DEBUG 16944 --- [           main] org.hibernate.type.BasicTypeRegistry     : Adding type registration java.sql.Timestamp -> org.hibernate.type.BasicTypeReference@9274cb
2023-11-08T07:31:29.653-05:00 DEBUG 16944 --- [           main] org.hibernate.type.BasicTypeRegistry     : Adding type registration java.util.Date -> org.hibernate.type.BasicTypeReference@9274cb
2023-11-08T07:31:29.653-05:00 DEBUG 16944 --- [           main] org.hibernate.type.BasicTypeRegistry     : Adding type registration calendar -> org.hibernate.type.BasicTypeReference@18acf70
2023-11-08T07:31:29.653-05:00 DEBUG 16944 --- [           main] org.hibernate.type.BasicTypeRegistry     : Adding type registration java.util.Calendar -> org.hibernate.type.BasicTypeReference@18acf70
2023-11-08T07:31:29.653-05:00 DEBUG 16944 --- [           main] org.hibernate.type.BasicTypeRegistry     : Adding type registration java.util.GregorianCalendar -> org.hibernate.type.BasicTypeReference@18acf70
2023-11-08T07:31:29.653-05:00 DEBUG 16944 --- [           main] org.hibernate.type.BasicTypeRegistry     : Adding type registration calendar_date -> org.hibernate.type.BasicTypeReference@557746
2023-11-08T07:31:29.653-05:00 DEBUG 16944 --- [           main] org.hibernate.type.BasicTypeRegistry     : Adding type registration calendar_time -> org.hibernate.type.BasicTypeReference@c12524
2023-11-08T07:31:29.653-05:00 DEBUG 16944 --- [           main] org.hibernate.type.BasicTypeRegistry     : Adding type registration instant -> org.hibernate.type.BasicTypeReference@1723cdb
2023-11-08T07:31:29.653-05:00 DEBUG 16944 --- [           main] org.hibernate.type.BasicTypeRegistry     : Adding type registration java.time.Instant -> org.hibernate.type.BasicTypeReference@1723cdb
2023-11-08T07:31:29.654-05:00 DEBUG 16944 --- [           main] org.hibernate.type.BasicTypeRegistry     : Adding type registration uuid -> org.hibernate.type.BasicTypeReference@44930a
2023-11-08T07:31:29.654-05:00 DEBUG 16944 --- [           main] org.hibernate.type.BasicTypeRegistry     : Adding type registration java.util.UUID -> org.hibernate.type.BasicTypeReference@44930a
2023-11-08T07:31:29.654-05:00 DEBUG 16944 --- [           main] org.hibernate.type.BasicTypeRegistry     : Adding type registration pg-uuid -> org.hibernate.type.BasicTypeReference@44930a
2023-11-08T07:31:29.654-05:00 DEBUG 16944 --- [           main] org.hibernate.type.BasicTypeRegistry     : Adding type registration uuid-binary -> org.hibernate.type.BasicTypeReference@1f23203
2023-11-08T07:31:29.654-05:00 DEBUG 16944 --- [           main] org.hibernate.type.BasicTypeRegistry     : Adding type registration uuid-char -> org.hibernate.type.BasicTypeReference@1bdd1c
2023-11-08T07:31:29.654-05:00 DEBUG 16944 --- [           main] org.hibernate.type.BasicTypeRegistry     : Adding type registration class -> org.hibernate.type.BasicTypeReference@91af20
2023-11-08T07:31:29.654-05:00 DEBUG 16944 --- [           main] org.hibernate.type.BasicTypeRegistry     : Adding type registration java.lang.Class -> org.hibernate.type.BasicTypeReference@91af20
2023-11-08T07:31:29.654-05:00 DEBUG 16944 --- [           main] org.hibernate.type.BasicTypeRegistry     : Adding type registration currency -> org.hibernate.type.BasicTypeReference@21b13b
2023-11-08T07:31:29.654-05:00 DEBUG 16944 --- [           main] org.hibernate.type.BasicTypeRegistry     : Adding type registration Currency -> org.hibernate.type.BasicTypeReference@21b13b
2023-11-08T07:31:29.654-05:00 DEBUG 16944 --- [           main] org.hibernate.type.BasicTypeRegistry     : Adding type registration java.util.Currency -> org.hibernate.type.BasicTypeReference@21b13b
2023-11-08T07:31:29.654-05:00 DEBUG 16944 --- [           main] org.hibernate.type.BasicTypeRegistry     : Adding type registration locale -> org.hibernate.type.BasicTypeReference@c3f556
2023-11-08T07:31:29.654-05:00 DEBUG 16944 --- [           main] org.hibernate.type.BasicTypeRegistry     : Adding type registration java.util.Locale -> org.hibernate.type.BasicTypeReference@c3f556
2023-11-08T07:31:29.654-05:00 DEBUG 16944 --- [           main] org.hibernate.type.BasicTypeRegistry     : Adding type registration serializable -> org.hibernate.type.BasicTypeReference@fe272f
2023-11-08T07:31:29.654-05:00 DEBUG 16944 --- [           main] org.hibernate.type.BasicTypeRegistry     : Adding type registration java.io.Serializable -> org.hibernate.type.BasicTypeReference@fe272f
2023-11-08T07:31:29.655-05:00 DEBUG 16944 --- [           main] org.hibernate.type.BasicTypeRegistry     : Adding type registration timezone -> org.hibernate.type.BasicTypeReference@195653f
2023-11-08T07:31:29.655-05:00 DEBUG 16944 --- [           main] org.hibernate.type.BasicTypeRegistry     : Adding type registration java.util.TimeZone -> org.hibernate.type.BasicTypeReference@195653f
2023-11-08T07:31:29.655-05:00 DEBUG 16944 --- [           main] org.hibernate.type.BasicTypeRegistry     : Adding type registration ZoneOffset -> org.hibernate.type.BasicTypeReference@52b19f
2023-11-08T07:31:29.655-05:00 DEBUG 16944 --- [           main] org.hibernate.type.BasicTypeRegistry     : Adding type registration java.time.ZoneOffset -> org.hibernate.type.BasicTypeReference@52b19f
2023-11-08T07:31:29.655-05:00 DEBUG 16944 --- [           main] org.hibernate.type.BasicTypeRegistry     : Adding type registration url -> org.hibernate.type.BasicTypeReference@1c68586
2023-11-08T07:31:29.655-05:00 DEBUG 16944 --- [           main] org.hibernate.type.BasicTypeRegistry     : Adding type registration java.net.URL -> org.hibernate.type.BasicTypeReference@1c68586
2023-11-08T07:31:29.655-05:00 DEBUG 16944 --- [           main] org.hibernate.type.BasicTypeRegistry     : Adding type registration row_version -> org.hibernate.type.BasicTypeReference@dc1a4e
2023-11-08T07:31:29.661-05:00 DEBUG 16944 --- [           main] org.hibernate.type.BasicTypeRegistry     : Adding type registration object -> org.hibernate.type.JavaObjectType@9caf47
2023-11-08T07:31:29.661-05:00 DEBUG 16944 --- [           main] org.hibernate.type.BasicTypeRegistry     : Adding type registration java.lang.Object -> org.hibernate.type.JavaObjectType@9caf47
2023-11-08T07:31:29.662-05:00 DEBUG 16944 --- [           main] org.hibernate.type.BasicTypeRegistry     : Adding type registration null -> org.hibernate.type.NullType@1503a3
2023-11-08T07:31:29.662-05:00 DEBUG 16944 --- [           main] org.hibernate.type.BasicTypeRegistry     : Adding type registration imm_date -> org.hibernate.type.BasicTypeReference@6495f1
2023-11-08T07:31:29.662-05:00 DEBUG 16944 --- [           main] org.hibernate.type.BasicTypeRegistry     : Adding type registration imm_time -> org.hibernate.type.BasicTypeReference@1df5041
2023-11-08T07:31:29.663-05:00 DEBUG 16944 --- [           main] org.hibernate.type.BasicTypeRegistry     : Adding type registration imm_timestamp -> org.hibernate.type.BasicTypeReference@ea492
2023-11-08T07:31:29.663-05:00 DEBUG 16944 --- [           main] org.hibernate.type.BasicTypeRegistry     : Adding type registration imm_calendar -> org.hibernate.type.BasicTypeReference@52a26b
2023-11-08T07:31:29.663-05:00 DEBUG 16944 --- [           main] org.hibernate.type.BasicTypeRegistry     : Adding type registration imm_calendar_date -> org.hibernate.type.BasicTypeReference@e56b4d
2023-11-08T07:31:29.663-05:00 DEBUG 16944 --- [           main] org.hibernate.type.BasicTypeRegistry     : Adding type registration imm_calendar_time -> org.hibernate.type.BasicTypeReference@1857e08
2023-11-08T07:31:29.663-05:00 DEBUG 16944 --- [           main] org.hibernate.type.BasicTypeRegistry     : Adding type registration imm_binary -> org.hibernate.type.BasicTypeReference@70775e
2023-11-08T07:31:29.663-05:00 DEBUG 16944 --- [           main] org.hibernate.type.BasicTypeRegistry     : Adding type registration imm_serializable -> org.hibernate.type.BasicTypeReference@15ac0c1
2023-11-08T07:31:29.863-05:00  INFO 16944 --- [           main] o.s.o.j.p.SpringPersistenceUnitInfo      : No LoadTimeWeaver setup: ignoring JPA class transformer
2023-11-08T07:31:29.923-05:00  INFO 16944 --- [           main] com.zaxxer.hikari.HikariDataSource       : HikariPool-1 - Starting...
2023-11-08T07:31:30.604-05:00  INFO 16944 --- [           main] com.zaxxer.hikari.pool.HikariPool        : HikariPool-1 - Added connection com.mysql.cj.jdbc.ConnectionImpl@16c67cd
2023-11-08T07:31:30.606-05:00  INFO 16944 --- [           main] com.zaxxer.hikari.HikariDataSource       : HikariPool-1 - Start completed.
2023-11-08T07:31:30.710-05:00 DEBUG 16944 --- [           main] o.h.t.d.sql.spi.DdlTypeRegistry          : addDescriptor(12, org.hibernate.type.descriptor.sql.internal.CapacityDependentDdlType@b2d51a) replaced previous registration(org.hibernate.type.descriptor.sql.internal.CapacityDependentDdlType@4ac598)
2023-11-08T07:31:30.710-05:00 DEBUG 16944 --- [           main] o.h.t.d.sql.spi.DdlTypeRegistry          : addDescriptor(-9, org.hibernate.type.descriptor.sql.internal.CapacityDependentDdlType@f10c92) replaced previous registration(org.hibernate.type.descriptor.sql.internal.CapacityDependentDdlType@176872f)
2023-11-08T07:31:30.710-05:00 DEBUG 16944 --- [           main] o.h.t.d.sql.spi.DdlTypeRegistry          : addDescriptor(-3, org.hibernate.type.descriptor.sql.internal.CapacityDependentDdlType@14e99de) replaced previous registration(org.hibernate.type.descriptor.sql.internal.CapacityDependentDdlType@180ffea)
2023-11-08T07:31:30.710-05:00 DEBUG 16944 --- [           main] o.h.t.d.sql.spi.DdlTypeRegistry          : addDescriptor(4003, org.hibernate.type.descriptor.sql.internal.DdlTypeImpl@191e654) replaced previous registration(org.hibernate.type.descriptor.sql.internal.DdlTypeImpl@6556b6)
2023-11-08T07:31:30.710-05:00 DEBUG 16944 --- [           main] o.h.t.d.sql.spi.DdlTypeRegistry          : addDescriptor(4001, org.hibernate.type.descriptor.sql.internal.DdlTypeImpl@1bca84d) replaced previous registration(org.hibernate.type.descriptor.sql.internal.DdlTypeImpl@141647f)
2023-11-08T07:31:30.710-05:00 DEBUG 16944 --- [           main] o.h.t.d.sql.spi.DdlTypeRegistry          : addDescriptor(4002, org.hibernate.type.descriptor.sql.internal.DdlTypeImpl@16c8d45) replaced previous registration(org.hibernate.type.descriptor.sql.internal.DdlTypeImpl@12ca6f8)
2023-11-08T07:31:30.710-05:00 DEBUG 16944 --- [           main] o.h.t.d.sql.spi.DdlTypeRegistry          : addDescriptor(2004, org.hibernate.type.descriptor.sql.internal.CapacityDependentDdlType@1d49790) replaced previous registration(org.hibernate.type.descriptor.sql.internal.DdlTypeImpl@1dc6649)
2023-11-08T07:31:30.711-05:00 DEBUG 16944 --- [           main] o.h.t.d.sql.spi.DdlTypeRegistry          : addDescriptor(2005, org.hibernate.type.descriptor.sql.internal.CapacityDependentDdlType@51c7d2) replaced previous registration(org.hibernate.type.descriptor.sql.internal.DdlTypeImpl@50a946)
2023-11-08T07:31:30.711-05:00 DEBUG 16944 --- [           main] o.h.t.d.sql.spi.DdlTypeRegistry          : addDescriptor(2011, org.hibernate.type.descriptor.sql.internal.CapacityDependentDdlType@1e5c68b) replaced previous registration(org.hibernate.type.descriptor.sql.internal.DdlTypeImpl@1fb0d10)
2023-11-08T07:31:30.712-05:00 DEBUG 16944 --- [           main] o.h.t.d.jdbc.spi.JdbcTypeRegistry        : addDescriptor(NCharTypeDescriptor) replaced previous registration(CharTypeDescriptor)
2023-11-08T07:31:30.712-05:00 DEBUG 16944 --- [           main] o.h.t.d.jdbc.spi.JdbcTypeRegistry        : addDescriptor(NVarcharTypeDescriptor) replaced previous registration(VarcharTypeDescriptor)
2023-11-08T07:31:30.712-05:00 DEBUG 16944 --- [           main] o.h.t.d.jdbc.spi.JdbcTypeRegistry        : addDescriptor(LongNVarcharTypeDescriptor) replaced previous registration(LongVarcharTypeDescriptor)
2023-11-08T07:31:30.715-05:00 DEBUG 16944 --- [           main] o.h.t.d.jdbc.spi.JdbcTypeRegistry        : addDescriptor(NClobTypeDescriptor(DEFAULT)) replaced previous registration(ClobTypeDescriptor(DEFAULT))
2023-11-08T07:31:30.715-05:00 DEBUG 16944 --- [           main] o.h.t.d.jdbc.spi.JdbcTypeRegistry        : addDescriptor(2005, ClobTypeDescriptor(STREAM_BINDING)) replaced previous registration(ClobTypeDescriptor(DEFAULT))
2023-11-08T07:31:30.720-05:00 DEBUG 16944 --- [           main] org.hibernate.type.BasicTypeRegistry     : Adding type registration null -> org.hibernate.type.NullType@c8c13c
2023-11-08T07:31:30.720-05:00 DEBUG 16944 --- [           main] org.hibernate.type.BasicTypeRegistry     : Type registration key [null] overrode previous entry : `org.hibernate.type.NullType@1503a3`
2023-11-08T07:31:30.725-05:00 DEBUG 16944 --- [           main] org.hibernate.type.BasicTypeRegistry     : Adding type registration Duration -> basicType@1(java.time.Duration,2)
2023-11-08T07:31:30.725-05:00 DEBUG 16944 --- [           main] org.hibernate.type.BasicTypeRegistry     : Adding type registration java.time.Duration -> basicType@1(java.time.Duration,2)
2023-11-08T07:31:30.729-05:00 DEBUG 16944 --- [           main] org.hibernate.type.BasicTypeRegistry     : Adding type registration org.hibernate.type.OffsetDateTimeType -> basicType@2(java.time.OffsetDateTime,3003)
2023-11-08T07:31:30.729-05:00 DEBUG 16944 --- [           main] org.hibernate.type.BasicTypeRegistry     : Adding type registration OffsetDateTime -> basicType@2(java.time.OffsetDateTime,3003)
2023-11-08T07:31:30.729-05:00 DEBUG 16944 --- [           main] org.hibernate.type.BasicTypeRegistry     : Adding type registration java.time.OffsetDateTime -> basicType@2(java.time.OffsetDateTime,3003)
2023-11-08T07:31:30.729-05:00 DEBUG 16944 --- [           main] org.hibernate.type.BasicTypeRegistry     : Adding type registration org.hibernate.type.ZonedDateTimeType -> basicType@3(java.time.ZonedDateTime,3003)
2023-11-08T07:31:30.729-05:00 DEBUG 16944 --- [           main] org.hibernate.type.BasicTypeRegistry     : Adding type registration ZonedDateTime -> basicType@3(java.time.ZonedDateTime,3003)
2023-11-08T07:31:30.729-05:00 DEBUG 16944 --- [           main] org.hibernate.type.BasicTypeRegistry     : Adding type registration java.time.ZonedDateTime -> basicType@3(java.time.ZonedDateTime,3003)
2023-11-08T07:31:30.731-05:00 DEBUG 16944 --- [           main] org.hibernate.type.BasicTypeRegistry     : Adding type registration org.hibernate.type.OffsetTimeType -> basicType@4(java.time.OffsetTime,3007)
2023-11-08T07:31:30.731-05:00 DEBUG 16944 --- [           main] org.hibernate.type.BasicTypeRegistry     : Adding type registration OffsetTime -> basicType@4(java.time.OffsetTime,3007)
2023-11-08T07:31:30.731-05:00 DEBUG 16944 --- [           main] org.hibernate.type.BasicTypeRegistry     : Adding type registration java.time.OffsetTime -> basicType@4(java.time.OffsetTime,3007)
2023-11-08T07:31:30.733-05:00 DEBUG 16944 --- [           main] o.h.type.spi.TypeConfiguration$Scope     : Scoping TypeConfiguration [org.hibernate.type.spi.TypeConfiguration@32dca2] to MetadataBuildingContext [org.hibernate.boot.internal.MetadataBuildingContextRootImpl@670e55]
2023-11-08T07:31:31.761-05:00  INFO 16944 --- [           main] o.h.e.t.j.p.i.JtaPlatformInitiator       : HHH000489: No JTA platform available (set 'hibernate.transaction.jta.platform' to enable JTA platform integration)
2023-11-08T07:31:31.762-05:00 DEBUG 16944 --- [           main] o.h.type.spi.TypeConfiguration$Scope     : Scoping TypeConfiguration [org.hibernate.type.spi.TypeConfiguration@32dca2] to SessionFactoryImplementor [org.hibernate.internal.SessionFactoryImpl@88702d]
2023-11-08T07:31:31.765-05:00 TRACE 16944 --- [           main] o.h.type.spi.TypeConfiguration$Scope     : Handling #sessionFactoryCreated from [org.hibernate.internal.SessionFactoryImpl@88702d] for TypeConfiguration
2023-11-08T07:31:31.766-05:00  INFO 16944 --- [           main] j.LocalContainerEntityManagerFactoryBean : Initialized JPA EntityManagerFactory for persistence unit 'default'
2023-11-08T07:31:31.928-05:00 DEBUG 16944 --- [           main] o.h.stat.internal.StatisticsInitiator    : Statistics initialized [enabled=false]
2023-11-08T07:31:32.567-05:00  INFO 16944 --- [           main] c.c.DawiiSesion01Prueba1ApplicationTests : Started DawiiSesion01Prueba1ApplicationTests in 4.824 seconds (process running for 6.202)
]]></system-out>
  </testcase>
</testsuite>